This file contains any messages produced by compilers while
running configure, to aid debugging if configure makes a mistake.

It was created by liblinebreak configure 2.1, which was
generated by GNU Autoconf 2.61.  Invocation command line was

  $ ./configure clean

## --------- ##
## Platform. ##
## --------- ##

hostname = wangzhiqiang.local
uname -m = x86_64
uname -r = 18.2.0
uname -s = Darwin
uname -v = Darwin Kernel Version 18.2.0: Fri Oct  5 19:41:49 PDT 2018; root:xnu-4903.221.2~2/RELEASE_X86_64

/usr/bin/uname -p = i386
/bin/uname -X     = unknown

/bin/arch              = unknown
/usr/bin/arch -k       = unknown
/usr/convex/getsysinfo = unknown
/usr/bin/hostinfo      = Mach kernel version:
	 Darwin Kernel Version 18.2.0: Fri Oct  5 19:41:49 PDT 2018; root:xnu-4903.221.2~2/RELEASE_X86_64
Kernel configured for up to 4 processors.
2 processors are physically available.
4 processors are logically available.
Processor type: x86_64h (Intel x86-64h Haswell)
Processors active: 0 1 2 3
Primary memory available: 16.00 gigabytes
Default processor set: 448 tasks, 2339 threads, 4 processors
Load average: 2.93, Mach factor: 1.96
/bin/machine           = unknown
/usr/bin/oslevel       = unknown
/bin/universe          = unknown

PATH: /usr/local/bin
PATH: /usr/bin
PATH: /bin
PATH: /usr/sbin
PATH: /sbin
PATH: /Applications/Wireshark.app/Contents/MacOS


## ----------- ##
## Core tests. ##
## ----------- ##

configure:1981: checking for a BSD-compatible install
configure:2037: result: /usr/local/bin/ginstall -c
configure:2048: checking whether build environment is sane
configure:2091: result: yes
configure:2119: checking for a thread-safe mkdir -p
configure:2158: result: /usr/local/bin/gmkdir -p
configure:2171: checking for gawk
configure:2201: result: no
configure:2171: checking for mawk
configure:2201: result: no
configure:2171: checking for nawk
configure:2201: result: no
configure:2171: checking for awk
configure:2187: found /usr/bin/awk
configure:2198: result: awk
configure:2209: checking whether make sets $(MAKE)
configure:2230: result: yes
configure:2427: checking for clean-gcc
configure:2457: result: no
configure:2467: checking for gcc
configure:2483: found /usr/bin/gcc
configure:2494: result: gcc
configure:2732: checking for C compiler version
configure:2739: gcc --version >&5
Configured with: --prefix=/Library/Developer/CommandLineTools/usr --with-gxx-include-dir=/usr/include/c++/4.2.1
Apple LLVM version 10.0.0 (clang-1000.10.44.4)
Target: x86_64-apple-darwin18.2.0
Thread model: posix
InstalledDir: /Library/Developer/CommandLineTools/usr/bin
configure:2742: $? = 0
configure:2749: gcc -v >&5
Configured with: --prefix=/Library/Developer/CommandLineTools/usr --with-gxx-include-dir=/usr/include/c++/4.2.1
Apple LLVM version 10.0.0 (clang-1000.10.44.4)
Target: x86_64-apple-darwin18.2.0
Thread model: posix
InstalledDir: /Library/Developer/CommandLineTools/usr/bin
configure:2752: $? = 0
configure:2759: gcc -V >&5
clang: error: argument to '-V' is missing (expected 1 value)
clang: error: no input files
configure:2762: $? = 1
configure:2785: checking for C compiler default output file name
configure:2812: gcc    conftest.c  >&5
configure:2815: $? = 0
configure:2853: result: a.out
configure:2870: checking whether the C compiler works
configure:2880: ./a.out
configure:2883: $? = 0
configure:2900: result: yes
configure:2907: checking whether we are cross compiling
configure:2909: result: no
configure:2912: checking for suffix of executables
configure:2919: gcc -o conftest    conftest.c  >&5
configure:2922: $? = 0
configure:2946: result: 
configure:2952: checking for suffix of object files
configure:2978: gcc -c   conftest.c >&5
configure:2981: $? = 0
configure:3004: result: o
configure:3008: checking whether we are using the GNU C compiler
configure:3037: gcc -c   conftest.c >&5
configure:3043: $? = 0
configure:3060: result: yes
configure:3065: checking whether gcc accepts -g
configure:3095: gcc -c -g  conftest.c >&5
configure:3101: $? = 0
configure:3200: result: yes
configure:3217: checking for gcc option to accept ISO C89
configure:3291: gcc  -c -g -O2  conftest.c >&5
configure:3297: $? = 0
configure:3320: result: none needed
configure:3349: checking for style of include used by make
configure:3377: result: GNU
configure:3402: checking dependency style of gcc
configure:3493: result: gcc3
configure:3587: checking build system type
configure:3600: error: /bin/sh ./config.sub clean failed

## ---------------- ##
## Cache variables. ##
## ---------------- ##

ac_cv_build=
ac_cv_c_compiler_gnu=yes
ac_cv_env_CCC_set=
ac_cv_env_CCC_value=
ac_cv_env_CC_set=
ac_cv_env_CC_value=
ac_cv_env_CFLAGS_set=
ac_cv_env_CFLAGS_value=
ac_cv_env_CPPFLAGS_set=
ac_cv_env_CPPFLAGS_value=
ac_cv_env_CPP_set=
ac_cv_env_CPP_value=
ac_cv_env_CXXCPP_set=
ac_cv_env_CXXCPP_value=
ac_cv_env_CXXFLAGS_set=
ac_cv_env_CXXFLAGS_value=
ac_cv_env_CXX_set=
ac_cv_env_CXX_value=
ac_cv_env_F77_set=
ac_cv_env_F77_value=
ac_cv_env_FFLAGS_set=
ac_cv_env_FFLAGS_value=
ac_cv_env_LDFLAGS_set=
ac_cv_env_LDFLAGS_value=
ac_cv_env_LIBS_set=
ac_cv_env_LIBS_value=
ac_cv_env_build_alias_set=set
ac_cv_env_build_alias_value=clean
ac_cv_env_host_alias_set=set
ac_cv_env_host_alias_value=clean
ac_cv_env_target_alias_set=set
ac_cv_env_target_alias_value=clean
ac_cv_objext=o
ac_cv_path_install='/usr/local/bin/ginstall -c'
ac_cv_path_mkdir=/usr/local/bin/gmkdir
ac_cv_prog_AWK=awk
ac_cv_prog_ac_ct_CC=gcc
ac_cv_prog_cc_c89=
ac_cv_prog_cc_g=yes
ac_cv_prog_make_make_set=yes
am_cv_CC_dependencies_compiler_type=gcc3

## ----------------- ##
## Output variables. ##
## ----------------- ##

ACLOCAL='${SHELL} /Users/wzq/Downloads/liblinebreak-2.1/missing --run aclocal-1.10'
AMDEPBACKSLASH='\'
AMDEP_FALSE='#'
AMDEP_TRUE=''
AMTAR='${SHELL} /Users/wzq/Downloads/liblinebreak-2.1/missing --run tar'
AR=''
AUTOCONF='${SHELL} /Users/wzq/Downloads/liblinebreak-2.1/missing --run autoconf'
AUTOHEADER='${SHELL} /Users/wzq/Downloads/liblinebreak-2.1/missing --run autoheader'
AUTOMAKE='${SHELL} /Users/wzq/Downloads/liblinebreak-2.1/missing --run automake-1.10'
AWK='awk'
CC='gcc'
CCDEPMODE='depmode=gcc3'
CFLAGS='-g -O2'
CPP=''
CPPFLAGS=''
CXX=''
CXXCPP=''
CXXDEPMODE=''
CXXFLAGS=''
CYGPATH_W='echo'
DEFS=''
DEPDIR='.deps'
ECHO='/bin/echo'
ECHO_C='ECHO_N=''
ECHO_T=''
EGREP=''
EXEEXT=''
F77=''
FFLAGS=''
GREP=''
INSTALL_DATA='${INSTALL} -m 644'
INSTALL_PROGRAM='${INSTALL}'
INSTALL_SCRIPT='${INSTALL}'
INSTALL_STRIP_PROGRAM='$(install_sh) -c -s'
LDFLAGS=''
LIBOBJS=''
LIBS=''
LIBTOOL=''
LN_S=''
LTLIBOBJS=''
MAKEINFO='${SHELL} /Users/wzq/Downloads/liblinebreak-2.1/missing --run makeinfo'
OBJEXT='o'
PACKAGE='liblinebreak'
PACKAGE_BUGREPORT='wuyongwei@gmail.com'
PACKAGE_NAME='liblinebreak'
PACKAGE_STRING='liblinebreak 2.1'
PACKAGE_TARNAME='liblinebreak'
PACKAGE_VERSION='2.1'
PATH_SEPARATOR=':'
RANLIB=''
SET_MAKE=''
SHELL='/bin/sh'
STRIP=''
VERSION='2.1'
ac_ct_CC='gcc'
ac_ct_CXX=''
ac_ct_F77=''
am__fastdepCC_FALSE='#'
am__fastdepCC_TRUE=''
am__fastdepCXX_FALSE=''
am__fastdepCXX_TRUE=''
am__include='include'
am__isrc=''
am__leading_dot='.'
am__quote=''
am__tar='${AMTAR} chof - "$$tardir"'
am__untar='${AMTAR} xf -'
bindir='${exec_prefix}/bin'
build='clean'
build_alias='clean'
build_cpu=''
build_os=''
build_vendor=''
datadir='${datarootdir}'
datarootdir='${prefix}/share'
docdir='${datarootdir}/doc/${PACKAGE_TARNAME}'
dvidir='${docdir}'
exec_prefix='NONE'
host='clean'
host_alias='clean'
host_cpu=''
host_os=''
host_vendor=''
htmldir='${docdir}'
includedir='${prefix}/include'
infodir='${datarootdir}/info'
install_sh='$(SHELL) /Users/wzq/Downloads/liblinebreak-2.1/install-sh'
libdir='${exec_prefix}/lib'
libexecdir='${exec_prefix}/libexec'
localedir='${datarootdir}/locale'
localstatedir='${prefix}/var'
mandir='${datarootdir}/man'
mkdir_p='/usr/local/bin/gmkdir -p'
oldincludedir='/usr/include'
pdfdir='${docdir}'
prefix='NONE'
program_transform_name='s,x,x,'
psdir='${docdir}'
sbindir='${exec_prefix}/sbin'
sharedstatedir='${prefix}/com'
sysconfdir='${prefix}/etc'
target_alias='clean'

## ----------- ##
## confdefs.h. ##
## ----------- ##

#define PACKAGE_NAME "liblinebreak"
#define PACKAGE_TARNAME "liblinebreak"
#define PACKAGE_VERSION "2.1"
#define PACKAGE_STRING "liblinebreak 2.1"
#define PACKAGE_BUGREPORT "wuyongwei@gmail.com"
#define PACKAGE "liblinebreak"
#define VERSION "2.1"

configure: exit 1
